Base path: 'E:/Unity/2019.3.14f1/Editor/Data', plugins path 'E:/Unity/2019.3.14f1/Editor/Data/PlaybackEngines'
Cmd: initializeCompiler
Cmd: compileSnippet
  api=4 type=0 insize=1602 outsize=2002 kw=UNITY_PASS_FORWARDBASE DIRECTIONAL SHADOWS_SCREEN LIGHTPROBE_SH pd=UNITY_ENABLE_REFLECTION_BUFFERS UNITY_USE_DITHER_MASK_FOR_ALPHABLENDED_SHADOWS UNITY_PBS_USE_BRDF1 UNITY_SPECCUBE_BOX_PROJECTION UNITY_SPECCUBE_BLENDING UNITY_ENABLE_DETAIL_NORMALMAP SHADER_API_DESKTOP UNITY_COLORSPACE_GAMMA UNITY_LIGHT_PROBE_PROXY_VOLUME UNITY_LIGHTMAP_FULL_HDR ok=1
Cmd: initializeCompiler
Cmd: compileComputeKernel
  api=4 insize=16804 outsize=10676 ok=1
Cmd: compileComputeKernel
  api=4 insize=7570 outsize=583 ok=1
Cmd: compileComputeKernel
  api=4 insize=9809 outsize=4006 ok=1
Cmd: compileComputeKernel
  api=4 insize=9809 outsize=4098 ok=1
Cmd: compileComputeKernel
  api=4 insize=4823 outsize=885 ok=1
Cmd: compileComputeKernel
  api=4 insize=2770 outsize=2186 ok=1
Cmd: compileComputeKernel
  api=4 insize=14139 outsize=665 ok=1
Cmd: compileComputeKernel
  api=4 insize=11086 outsize=665 ok=1
Cmd: compileComputeKernel
  api=4 insize=40264 outsize=41874 ok=1
Cmd: compileComputeKernel
  api=4 insize=40264 outsize=41056 ok=1
Cmd: compileComputeKernel
  api=4 insize=1056 outsize=3163 ok=1
Cmd: compileComputeKernel
  api=4 insize=22295 outsize=15349 ok=1
Cmd: compileComputeKernel
  api=4 insize=9735 outsize=8199 ok=1
Cmd: compileComputeKernel
  api=4 insize=8233 outsize=532 ok=1
Cmd: compileComputeKernel
  api=4 insize=22339 outsize=2349 ok=1
Cmd: compileComputeKernel
  api=4 insize=6119 outsize=2708 ok=1
Cmd: compileComputeKernel
  api=4 insize=6745 outsize=1174 ok=1
Cmd: compileComputeKernel
  api=4 insize=6745 outsize=899 ok=1
Cmd: compileComputeKernel
  api=4 insize=6745 outsize=3091 ok=1
Cmd: compileComputeKernel
  api=4 insize=9103 outsize=4225 ok=1
Cmd: compileComputeKernel
  api=4 insize=26542 outsize=15377 ok=1
Cmd: compileComputeKernel
  api=4 insize=26542 outsize=324 ok=1
Cmd: compileComputeKernel
  api=4 insize=16295 outsize=98481 ok=1
Cmd: compileComputeKernel
  api=4 insize=16295 outsize=38334 ok=1
Cmd: compileComputeKernel
  api=4 insize=16295 outsize=79522 ok=1
Cmd: compileComputeKernel
  api=4 insize=16295 outsize=50487 ok=1
Cmd: compileComputeKernel
  api=4 insize=16295 outsize=40079 ok=1
Cmd: compileComputeKernel
  api=4 insize=16295 outsize=40379 ok=1
Cmd: compileComputeKernel
  api=4 insize=16295 outsize=72563 ok=1
